Defaulting to user installation because normal site-packages is not writeable
Requirement already satisfied: virtualenv in /mnt/tier2/apps/USE/easybuild/release/2021.3/software/Python/3.9.5-GCCcore-10.3.0/lib/python3.9/site-packages (20.4.6)
Requirement already satisfied: appdirs<2,>=1.4.3 in /mnt/tier2/apps/USE/easybuild/release/2021.3/software/Python/3.9.5-GCCcore-10.3.0/lib/python3.9/site-packages (from virtualenv) (1.4.4)
Requirement already satisfied: filelock<4,>=3.0.0 in /mnt/tier2/apps/USE/easybuild/release/2021.3/software/Python/3.9.5-GCCcore-10.3.0/lib/python3.9/site-packages (from virtualenv) (3.0.12)
Requirement already satisfied: distlib<1,>=0.3.1 in /mnt/tier2/apps/USE/easybuild/release/2021.3/software/Python/3.9.5-GCCcore-10.3.0/lib/python3.9/site-packages (from virtualenv) (0.3.1)
Requirement already satisfied: six<2,>=1.9.0 in /mnt/tier2/apps/USE/easybuild/release/2021.3/software/Python/3.9.5-GCCcore-10.3.0/lib/python3.9/site-packages (from virtualenv) (1.16.0)
created virtual environment CPython3.9.5.final.0-64 in 5291ms
  creator CPython3Posix(dest=/mnt/tier2/project/lxp/dbui/cicd/1cpu128c, clear=False, no_vcs_ignore=False, global=False)
  seeder FromAppData(download=False, pip=bundle, setuptools=bundle, wheel=bundle, via=copy, app_data_dir=/mnt/tier2/users/dbui/.local/share/virtualenv)
    added seed packages: Backtesting==0.3.3, Jinja2==3.0.3, MarkupSafe==2.0.1, Pillow==8.4.0, PyYAML==6.0, attrs==21.2.0, bokeh==2.4.2, cycler==0.11.0, fonttools==4.28.5, iniconfig==1.1.1, joblib==1.1.0, kiwisolver==1.3.2, llvmlite==0.37.0, matplotlib==3.5.1, numba==0.54.1, numpy==1.20.3, packaging==21.3, pandas==1.3.5, pip==21.3.1, pluggy==1.0.0, py==1.11.0, pyparsing==3.0.6, pytest==6.2.5, python_dateutil==2.8.2, pytz==2021.3, scikit_learn==1.0.1, scipy==1.7.3, seaborn==0.11.2, setuptools==59.2.0, six==1.16.0, sklearn==0.0, threadpoolctl==3.0.0, toml==0.10.2, tornado==6.1, typing_extensions==4.0.1, wheel==0.36.2
  activators BashActivator,CShellActivator,FishActivator,PowerShellActivator,PythonActivator,XonshActivator
Requirement already satisfied: backtesting in ./1cpu128c/lib/python3.9/site-packages (from -r requirements.txt (line 1)) (0.3.3)
Requirement already satisfied: pandas in ./1cpu128c/lib/python3.9/site-packages (from -r requirements.txt (line 2)) (1.3.5)
Requirement already satisfied: numpy in ./1cpu128c/lib/python3.9/site-packages (from -r requirements.txt (line 3)) (1.20.3)
Requirement already satisfied: sklearn in ./1cpu128c/lib/python3.9/site-packages (from -r requirements.txt (line 4)) (0.0)
Requirement already satisfied: llvmlite in ./1cpu128c/lib/python3.9/site-packages (from -r requirements.txt (line 5)) (0.37.0)
Requirement already satisfied: matplotlib in ./1cpu128c/lib/python3.9/site-packages (from -r requirements.txt (line 6)) (3.5.1)
Requirement already satisfied: numba in ./1cpu128c/lib/python3.9/site-packages (from -r requirements.txt (line 7)) (0.54.1)
Requirement already satisfied: seaborn in ./1cpu128c/lib/python3.9/site-packages (from -r requirements.txt (line 8)) (0.11.2)
Requirement already satisfied: pytest in ./1cpu128c/lib/python3.9/site-packages (from -r requirements.txt (line 9)) (6.2.5)
Requirement already satisfied: bokeh>=1.4.0 in ./1cpu128c/lib/python3.9/site-packages (from backtesting->-r requirements.txt (line 1)) (2.4.2)
Requirement already satisfied: pytz>=2017.3 in ./1cpu128c/lib/python3.9/site-packages (from pandas->-r requirements.txt (line 2)) (2021.3)
Requirement already satisfied: python-dateutil>=2.7.3 in ./1cpu128c/lib/python3.9/site-packages (from pandas->-r requirements.txt (line 2)) (2.8.2)
Requirement already satisfied: scikit-learn in ./1cpu128c/lib/python3.9/site-packages (from sklearn->-r requirements.txt (line 4)) (1.0.1)
Requirement already satisfied: cycler>=0.10 in ./1cpu128c/lib/python3.9/site-packages (from matplotlib->-r requirements.txt (line 6)) (0.11.0)
Requirement already satisfied: fonttools>=4.22.0 in ./1cpu128c/lib/python3.9/site-packages (from matplotlib->-r requirements.txt (line 6)) (4.28.5)
Requirement already satisfied: pyparsing>=2.2.1 in ./1cpu128c/lib/python3.9/site-packages (from matplotlib->-r requirements.txt (line 6)) (3.0.6)
Requirement already satisfied: pillow>=6.2.0 in ./1cpu128c/lib/python3.9/site-packages (from matplotlib->-r requirements.txt (line 6)) (8.4.0)
Requirement already satisfied: kiwisolver>=1.0.1 in ./1cpu128c/lib/python3.9/site-packages (from matplotlib->-r requirements.txt (line 6)) (1.3.2)
Requirement already satisfied: packaging>=20.0 in ./1cpu128c/lib/python3.9/site-packages (from matplotlib->-r requirements.txt (line 6)) (21.3)
Requirement already satisfied: setuptools in ./1cpu128c/lib/python3.9/site-packages (from numba->-r requirements.txt (line 7)) (59.2.0)
Requirement already satisfied: scipy>=1.0 in ./1cpu128c/lib/python3.9/site-packages (from seaborn->-r requirements.txt (line 8)) (1.7.3)
Requirement already satisfied: iniconfig in ./1cpu128c/lib/python3.9/site-packages (from pytest->-r requirements.txt (line 9)) (1.1.1)
Requirement already satisfied: py>=1.8.2 in ./1cpu128c/lib/python3.9/site-packages (from pytest->-r requirements.txt (line 9)) (1.11.0)
Requirement already satisfied: attrs>=19.2.0 in ./1cpu128c/lib/python3.9/site-packages (from pytest->-r requirements.txt (line 9)) (21.2.0)
Requirement already satisfied: toml in ./1cpu128c/lib/python3.9/site-packages (from pytest->-r requirements.txt (line 9)) (0.10.2)
Requirement already satisfied: pluggy<2.0,>=0.12 in ./1cpu128c/lib/python3.9/site-packages (from pytest->-r requirements.txt (line 9)) (1.0.0)
Requirement already satisfied: PyYAML>=3.10 in ./1cpu128c/lib/python3.9/site-packages (from bokeh>=1.4.0->backtesting->-r requirements.txt (line 1)) (6.0)
Requirement already satisfied: Jinja2>=2.9 in ./1cpu128c/lib/python3.9/site-packages (from bokeh>=1.4.0->backtesting->-r requirements.txt (line 1)) (3.0.3)
Requirement already satisfied: tornado>=5.1 in ./1cpu128c/lib/python3.9/site-packages (from bokeh>=1.4.0->backtesting->-r requirements.txt (line 1)) (6.1)
Requirement already satisfied: typing-extensions>=3.10.0 in ./1cpu128c/lib/python3.9/site-packages (from bokeh>=1.4.0->backtesting->-r requirements.txt (line 1)) (4.0.1)
Requirement already satisfied: six>=1.5 in ./1cpu128c/lib/python3.9/site-packages (from python-dateutil>=2.7.3->pandas->-r requirements.txt (line 2)) (1.16.0)
Requirement already satisfied: joblib>=0.11 in ./1cpu128c/lib/python3.9/site-packages (from scikit-learn->sklearn->-r requirements.txt (line 4)) (1.1.0)
Requirement already satisfied: threadpoolctl>=2.0.0 in ./1cpu128c/lib/python3.9/site-packages (from scikit-learn->sklearn->-r requirements.txt (line 4)) (3.0.0)
Requirement already satisfied: MarkupSafe>=2.0 in ./1cpu128c/lib/python3.9/site-packages (from Jinja2>=2.9->bokeh>=1.4.0->backtesting->-r requirements.txt (line 1)) (2.0.1)
SLURM_NODEID=0
SLURM_TASK_PID=16404
SLURMD_TRES_BIND=
SLURM_PRIO_PROCESS=0
SLURM_SUBMIT_DIR=/mnt/tier2/project/lxp/dbui/cicd/jobs
SLURM_CPUS_PER_TASK=128
SLURM_CHECKPOINT_IMAGE_DIR=
SLURM_PROCID=0
SLURMD_NODENAME=mel0429
SLURM_TASKS_PER_NODE=1
SLURM_NNODES=1
SLURM_JOB_NODELIST=mel0429
SLURM_NODELIST=mel0429
SLURM_NTASKS=1
SLURM_JOB_CPUS_PER_NODE=256
XF_SUBMIT_TYPE=SLURM
SLURM_JOB_NAME=cpu_scaling
SLURM_JOBID=14612
SLURMD_TRES_FREQ=
SLURM_CONF=/var/run/slurm/conf/slurm.conf
SLURM_NODE_ALIASES=(null)
SLURM_CPUS_ON_NODE=256
SLURM_JOB_NUM_NODES=1
SLURM_MEM_PER_NODE=0
SLURM_JOB_UID=15016
SLURM_JOB_PARTITION=cpu
SLURM_JOB_USER=dbui
SLURM_NPROCS=1
SLURM_SUBMIT_HOST=login02.meluxina.lxp.lu
XF_SCHEDULER_TYPE=SLURM
SLURM_GTIDS=0
SLURM_JOB_ID=14612
SLURM_LOCALID=0
